mode: atomic
caesar/main.go:19.86,21.16 1 0
caesar/main.go:21.16,23.4 1 0
caesar/main.go:25.3,25.56 1 0
caesar/main.go:25.56,27.4 1 0
caesar/main.go:29.3,29.47 1 0
caesar/main.go:29.47,31.4 1 0
caesar/main.go:34.3,36.26 2 0
caesar/main.go:36.26,37.19 1 0
caesar/main.go:37.19,39.15 2 0
caesar/main.go:54.5,54.32 1 0
caesar/main.go:54.32,56.6 1 0
caesar/main.go:56.11,58.6 1 0
caesar/main.go:60.5,60.58 1 0
caesar/main.go:63.3,63.28 1 0
caesar/main.go:66.86,69.26 2 0
caesar/main.go:69.26,70.19 1 0
caesar/main.go:70.19,72.15 2 0
caesar/main.go:75.5,75.32 1 0
caesar/main.go:75.32,77.6 1 0
caesar/main.go:77.11,79.6 1 0
caesar/main.go:81.5,81.58 1 0
caesar/main.go:85.3,85.28 1 0
caesar/main.go:88.14,94.23 5 0
caesar/main.go:94.23,97.10 2 0
caesar/main.go:99.9,102.23 3 0
caesar/main.go:102.23,105.10 2 0
caesar/main.go:107.9,107.54 1 0
vignere/main.go:12.61,14.21 2 0
vignere/main.go:14.21,16.4 1 0
vignere/main.go:18.3,18.32 1 0
vignere/main.go:18.32,20.4 1 0
vignere/main.go:22.3,22.60 1 0
vignere/main.go:26.30,27.53 1 0
vignere/main.go:27.53,29.4 1 0
vignere/main.go:32.39,34.2 1 0
vignere/main.go:36.56,38.56 1 0
vignere/main.go:38.56,40.4 1 0
vignere/main.go:42.3,42.41 1 0
vignere/main.go:42.41,44.4 1 0
vignere/main.go:47.3,49.26 2 0
vignere/main.go:49.26,52.4 1 0
vignere/main.go:54.3,54.28 1 0
vignere/main.go:57.62,58.62 1 0
vignere/main.go:58.62,60.4 1 0
vignere/main.go:62.3,62.47 1 0
vignere/main.go:62.47,64.4 1 0
vignere/main.go:66.3,68.32 2 0
vignere/main.go:68.32,72.4 1 0
vignere/main.go:74.3,74.28 1 0
vignere/main.go:78.14,83.19 4 0
vignere/main.go:83.19,86.6 2 0
vignere/main.go:87.5,88.19 2 0
vignere/main.go:88.19,91.6 2 0
vignere/main.go:92.5,92.36 1 0
vignere/main.go:92.36,95.6 2 0
vignere/main.go:96.5,102.19 5 0
vignere/main.go:102.19,105.6 2 0
vignere/main.go:106.5,107.19 2 0
vignere/main.go:107.19,110.6 2 0
vignere/main.go:111.5,111.36 1 0
vignere/main.go:111.36,114.6 2 0
vignere/main.go:115.5,121.19 5 0
vignere/main.go:121.19,124.6 2 0
vignere/main.go:125.5,126.19 2 0
vignere/main.go:126.19,129.6 2 0
vignere/main.go:130.5,130.36 1 0
vignere/main.go:130.36,133.6 2 0
vignere/main.go:134.5,140.19 5 0
vignere/main.go:140.19,143.6 2 0
vignere/main.go:144.5,145.19 2 0
vignere/main.go:145.19,148.6 2 0
vignere/main.go:149.5,149.36 1 0
vignere/main.go:149.36,152.6 2 0
vignere/main.go:153.5,160.81 5 0
vignere/main.go:160.81,163.6 2 0
vignere/main.go:164.5,170.62 5 0
vignere/main.go:170.62,173.6 2 0
vignere/main.go:174.5,181.62 5 0
vignere/main.go:181.62,184.6 2 0
vignere/main.go:185.5,191.81 5 0
vignere/main.go:191.81,194.6 2 0
vignere/main.go:195.5,197.41 2 0
playfair/main.go:7.14,11.36 4 0
playfair/main.go:11.36,13.4 1 0
playfair/utils.go:12.47,14.36 1 0
playfair/utils.go:14.36,16.3 1 0
playfair/utils.go:18.2,22.25 3 0
playfair/utils.go:22.25,24.3 1 0
playfair/utils.go:26.2,29.21 3 0
playfair/utils.go:32.56,35.25 3 0
playfair/utils.go:35.25,37.28 2 0
playfair/utils.go:37.28,40.10 2 0
playfair/utils.go:42.5,42.25 1 0
playfair/utils.go:45.45,46.31 1 0
playfair/utils.go:46.31,47.55 1 0
playfair/utils.go:47.55,49.4 1 0
playfair/utils.go:51.2,51.15 1 0
playfair/utils.go:54.40,57.28 3 0
playfair/utils.go:57.28,58.32 1 0
playfair/utils.go:58.32,60.29 1 0
playfair/utils.go:60.29,63.14 2 0
playfair/utils.go:63.19,64.22 1 0
playfair/utils.go:70.35,72.30 2 0
playfair/utils.go:72.30,73.42 1 0
playfair/utils.go:73.42,76.4 2 0
playfair/utils.go:76.9,78.4 1 0
playfair/utils.go:80.2,80.15 1 0
playfair/utils.go:83.53,91.25 3 0
playfair/utils.go:91.25,93.3 1 0
playfair/utils.go:96.2,99.39 2 0
playfair/utils.go:99.39,101.33 1 0
playfair/utils.go:101.33,105.4 3 0
playfair/utils.go:105.9,107.4 1 0
playfair/utils.go:110.2,110.17 1 0
multiplication-hash/main.go:5.13,7.2 1 0
caesar/main.go:19.86,21.16 1 0
caesar/main.go:21.16,23.4 1 0
caesar/main.go:25.3,25.56 1 0
caesar/main.go:25.56,27.4 1 0
caesar/main.go:29.3,29.47 1 0
caesar/main.go:29.47,31.4 1 0
caesar/main.go:34.3,36.26 2 0
caesar/main.go:36.26,37.19 1 0
caesar/main.go:37.19,39.15 2 0
caesar/main.go:54.5,54.32 1 0
caesar/main.go:54.32,56.6 1 0
caesar/main.go:56.11,58.6 1 0
caesar/main.go:60.5,60.58 1 0
caesar/main.go:63.3,63.28 1 0
caesar/main.go:66.86,69.26 2 0
caesar/main.go:69.26,70.19 1 0
caesar/main.go:70.19,72.15 2 0
caesar/main.go:75.5,75.32 1 0
caesar/main.go:75.32,77.6 1 0
caesar/main.go:77.11,79.6 1 0
caesar/main.go:81.5,81.58 1 0
caesar/main.go:85.3,85.28 1 0
caesar/main.go:88.14,94.23 5 0
caesar/main.go:94.23,97.10 2 0
caesar/main.go:99.9,102.23 3 0
caesar/main.go:102.23,105.10 2 0
caesar/main.go:107.9,107.54 1 0
vignere/main.go:12.61,14.21 2 0
vignere/main.go:14.21,16.4 1 0
vignere/main.go:18.3,18.32 1 0
vignere/main.go:18.32,20.4 1 0
vignere/main.go:22.3,22.60 1 0
vignere/main.go:26.30,27.53 1 0
vignere/main.go:27.53,29.4 1 0
vignere/main.go:32.39,34.2 1 0
vignere/main.go:36.56,38.56 1 0
vignere/main.go:38.56,40.4 1 0
vignere/main.go:42.3,42.41 1 0
vignere/main.go:42.41,44.4 1 0
vignere/main.go:47.3,49.26 2 0
vignere/main.go:49.26,52.4 1 0
vignere/main.go:54.3,54.28 1 0
vignere/main.go:57.62,58.62 1 0
vignere/main.go:58.62,60.4 1 0
vignere/main.go:62.3,62.47 1 0
vignere/main.go:62.47,64.4 1 0
vignere/main.go:66.3,68.32 2 0
vignere/main.go:68.32,72.4 1 0
vignere/main.go:74.3,74.28 1 0
vignere/main.go:78.14,83.19 4 0
vignere/main.go:83.19,86.6 2 0
vignere/main.go:87.5,88.19 2 0
vignere/main.go:88.19,91.6 2 0
vignere/main.go:92.5,92.36 1 0
vignere/main.go:92.36,95.6 2 0
vignere/main.go:96.5,102.19 5 0
vignere/main.go:102.19,105.6 2 0
vignere/main.go:106.5,107.19 2 0
vignere/main.go:107.19,110.6 2 0
vignere/main.go:111.5,111.36 1 0
vignere/main.go:111.36,114.6 2 0
vignere/main.go:115.5,121.19 5 0
vignere/main.go:121.19,124.6 2 0
vignere/main.go:125.5,126.19 2 0
vignere/main.go:126.19,129.6 2 0
vignere/main.go:130.5,130.36 1 0
vignere/main.go:130.36,133.6 2 0
vignere/main.go:134.5,140.19 5 0
vignere/main.go:140.19,143.6 2 0
vignere/main.go:144.5,145.19 2 0
vignere/main.go:145.19,148.6 2 0
vignere/main.go:149.5,149.36 1 0
vignere/main.go:149.36,152.6 2 0
vignere/main.go:153.5,160.81 5 0
vignere/main.go:160.81,163.6 2 0
vignere/main.go:164.5,170.62 5 0
vignere/main.go:170.62,173.6 2 0
vignere/main.go:174.5,181.62 5 0
vignere/main.go:181.62,184.6 2 0
vignere/main.go:185.5,191.81 5 0
vignere/main.go:191.81,194.6 2 0
vignere/main.go:195.5,197.41 2 0
playfair/main.go:7.14,11.36 4 0
playfair/main.go:11.36,13.4 1 0
playfair/utils.go:12.47,14.36 1 0
playfair/utils.go:14.36,16.3 1 0
playfair/utils.go:18.2,22.25 3 0
playfair/utils.go:22.25,24.3 1 0
playfair/utils.go:26.2,29.21 3 0
playfair/utils.go:32.56,35.25 3 0
playfair/utils.go:35.25,37.28 2 0
playfair/utils.go:37.28,40.10 2 0
playfair/utils.go:42.5,42.25 1 0
playfair/utils.go:45.45,46.31 1 0
playfair/utils.go:46.31,47.55 1 0
playfair/utils.go:47.55,49.4 1 0
playfair/utils.go:51.2,51.15 1 0
playfair/utils.go:54.40,57.28 3 0
playfair/utils.go:57.28,58.32 1 0
playfair/utils.go:58.32,60.29 1 0
playfair/utils.go:60.29,63.14 2 0
playfair/utils.go:63.19,64.22 1 0
playfair/utils.go:70.35,72.30 2 0
playfair/utils.go:72.30,73.42 1 0
playfair/utils.go:73.42,76.4 2 0
playfair/utils.go:76.9,78.4 1 0
playfair/utils.go:80.2,80.15 1 0
playfair/utils.go:83.53,91.25 3 0
playfair/utils.go:91.25,93.3 1 0
playfair/utils.go:96.2,99.39 2 0
playfair/utils.go:99.39,101.33 1 0
playfair/utils.go:101.33,105.4 3 0
playfair/utils.go:105.9,107.4 1 0
playfair/utils.go:110.2,110.17 1 0
multiplication-hash/main.go:5.13,7.2 1 0
caesar/main.go:19.86,21.16 1 0
caesar/main.go:21.16,23.4 1 0
caesar/main.go:25.3,25.56 1 0
caesar/main.go:25.56,27.4 1 0
caesar/main.go:29.3,29.47 1 0
caesar/main.go:29.47,31.4 1 0
caesar/main.go:34.3,36.26 2 0
caesar/main.go:36.26,37.19 1 0
caesar/main.go:37.19,39.15 2 0
caesar/main.go:54.5,54.32 1 0
caesar/main.go:54.32,56.6 1 0
caesar/main.go:56.11,58.6 1 0
caesar/main.go:60.5,60.58 1 0
caesar/main.go:63.3,63.28 1 0
caesar/main.go:66.86,69.26 2 0
caesar/main.go:69.26,70.19 1 0
caesar/main.go:70.19,72.15 2 0
caesar/main.go:75.5,75.32 1 0
caesar/main.go:75.32,77.6 1 0
caesar/main.go:77.11,79.6 1 0
caesar/main.go:81.5,81.58 1 0
caesar/main.go:85.3,85.28 1 0
caesar/main.go:88.14,94.23 5 0
caesar/main.go:94.23,97.10 2 0
caesar/main.go:99.9,102.23 3 0
caesar/main.go:102.23,105.10 2 0
caesar/main.go:107.9,107.54 1 0
vignere/main.go:12.61,14.21 2 0
vignere/main.go:14.21,16.4 1 0
vignere/main.go:18.3,18.32 1 0
vignere/main.go:18.32,20.4 1 0
vignere/main.go:22.3,22.60 1 0
vignere/main.go:26.30,27.53 1 0
vignere/main.go:27.53,29.4 1 0
vignere/main.go:32.39,34.2 1 0
vignere/main.go:36.56,38.56 1 0
vignere/main.go:38.56,40.4 1 0
vignere/main.go:42.3,42.41 1 0
vignere/main.go:42.41,44.4 1 0
vignere/main.go:47.3,49.26 2 0
vignere/main.go:49.26,52.4 1 0
vignere/main.go:54.3,54.28 1 0
vignere/main.go:57.62,58.62 1 0
vignere/main.go:58.62,60.4 1 0
vignere/main.go:62.3,62.47 1 0
vignere/main.go:62.47,64.4 1 0
vignere/main.go:66.3,68.32 2 0
vignere/main.go:68.32,72.4 1 0
vignere/main.go:74.3,74.28 1 0
vignere/main.go:78.14,83.19 4 0
vignere/main.go:83.19,86.6 2 0
vignere/main.go:87.5,88.19 2 0
vignere/main.go:88.19,91.6 2 0
vignere/main.go:92.5,92.36 1 0
vignere/main.go:92.36,95.6 2 0
vignere/main.go:96.5,102.19 5 0
vignere/main.go:102.19,105.6 2 0
vignere/main.go:106.5,107.19 2 0
vignere/main.go:107.19,110.6 2 0
vignere/main.go:111.5,111.36 1 0
vignere/main.go:111.36,114.6 2 0
vignere/main.go:115.5,121.19 5 0
vignere/main.go:121.19,124.6 2 0
vignere/main.go:125.5,126.19 2 0
vignere/main.go:126.19,129.6 2 0
vignere/main.go:130.5,130.36 1 0
vignere/main.go:130.36,133.6 2 0
vignere/main.go:134.5,140.19 5 0
vignere/main.go:140.19,143.6 2 0
vignere/main.go:144.5,145.19 2 0
vignere/main.go:145.19,148.6 2 0
vignere/main.go:149.5,149.36 1 0
vignere/main.go:149.36,152.6 2 0
vignere/main.go:153.5,160.81 5 0
vignere/main.go:160.81,163.6 2 0
vignere/main.go:164.5,170.62 5 0
vignere/main.go:170.62,173.6 2 0
vignere/main.go:174.5,181.62 5 0
vignere/main.go:181.62,184.6 2 0
vignere/main.go:185.5,191.81 5 0
vignere/main.go:191.81,194.6 2 0
vignere/main.go:195.5,197.41 2 0
playfair/main.go:7.14,11.36 4 0
playfair/main.go:11.36,13.4 1 0
playfair/utils.go:12.47,14.36 1 0
playfair/utils.go:14.36,16.3 1 0
playfair/utils.go:18.2,22.25 3 0
playfair/utils.go:22.25,24.3 1 0
playfair/utils.go:26.2,29.21 3 0
playfair/utils.go:32.56,35.25 3 0
playfair/utils.go:35.25,37.28 2 0
playfair/utils.go:37.28,40.10 2 0
playfair/utils.go:42.5,42.25 1 0
playfair/utils.go:45.45,46.31 1 0
playfair/utils.go:46.31,47.55 1 0
playfair/utils.go:47.55,49.4 1 0
playfair/utils.go:51.2,51.15 1 0
playfair/utils.go:54.40,57.28 3 0
playfair/utils.go:57.28,58.32 1 0
playfair/utils.go:58.32,60.29 1 0
playfair/utils.go:60.29,63.14 2 0
playfair/utils.go:63.19,64.22 1 0
playfair/utils.go:70.35,72.30 2 0
playfair/utils.go:72.30,73.42 1 0
playfair/utils.go:73.42,76.4 2 0
playfair/utils.go:76.9,78.4 1 0
playfair/utils.go:80.2,80.15 1 0
playfair/utils.go:83.53,91.25 3 0
playfair/utils.go:91.25,93.3 1 0
playfair/utils.go:96.2,99.39 2 0
playfair/utils.go:99.39,101.33 1 0
playfair/utils.go:101.33,105.4 3 0
playfair/utils.go:105.9,107.4 1 0
playfair/utils.go:110.2,110.17 1 0
multiplication-hash/main.go:5.13,7.2 1 0
caesar/main.go:19.86,21.16 1 0
caesar/main.go:21.16,23.4 1 0
caesar/main.go:25.3,25.56 1 0
caesar/main.go:25.56,27.4 1 0
caesar/main.go:29.3,29.47 1 0
caesar/main.go:29.47,31.4 1 0
caesar/main.go:34.3,36.26 2 0
caesar/main.go:36.26,37.19 1 0
caesar/main.go:37.19,39.15 2 0
caesar/main.go:54.5,54.32 1 0
caesar/main.go:54.32,56.6 1 0
caesar/main.go:56.11,58.6 1 0
caesar/main.go:60.5,60.58 1 0
caesar/main.go:63.3,63.28 1 0
caesar/main.go:66.86,69.26 2 0
caesar/main.go:69.26,70.19 1 0
caesar/main.go:70.19,72.15 2 0
caesar/main.go:75.5,75.32 1 0
caesar/main.go:75.32,77.6 1 0
caesar/main.go:77.11,79.6 1 0
caesar/main.go:81.5,81.58 1 0
caesar/main.go:85.3,85.28 1 0
caesar/main.go:88.14,94.23 5 0
caesar/main.go:94.23,97.10 2 0
caesar/main.go:99.9,102.23 3 0
caesar/main.go:102.23,105.10 2 0
caesar/main.go:107.9,107.54 1 0
vignere/main.go:12.61,14.21 2 0
vignere/main.go:14.21,16.4 1 0
vignere/main.go:18.3,18.32 1 0
vignere/main.go:18.32,20.4 1 0
vignere/main.go:22.3,22.60 1 0
vignere/main.go:26.30,27.53 1 0
vignere/main.go:27.53,29.4 1 0
vignere/main.go:32.39,34.2 1 0
vignere/main.go:36.56,38.56 1 0
vignere/main.go:38.56,40.4 1 0
vignere/main.go:42.3,42.41 1 0
vignere/main.go:42.41,44.4 1 0
vignere/main.go:47.3,49.26 2 0
vignere/main.go:49.26,52.4 1 0
vignere/main.go:54.3,54.28 1 0
vignere/main.go:57.62,58.62 1 0
vignere/main.go:58.62,60.4 1 0
vignere/main.go:62.3,62.47 1 0
vignere/main.go:62.47,64.4 1 0
vignere/main.go:66.3,68.32 2 0
vignere/main.go:68.32,72.4 1 0
vignere/main.go:74.3,74.28 1 0
vignere/main.go:78.14,83.19 4 0
vignere/main.go:83.19,86.6 2 0
vignere/main.go:87.5,88.19 2 0
vignere/main.go:88.19,91.6 2 0
vignere/main.go:92.5,92.36 1 0
vignere/main.go:92.36,95.6 2 0
vignere/main.go:96.5,102.19 5 0
vignere/main.go:102.19,105.6 2 0
vignere/main.go:106.5,107.19 2 0
vignere/main.go:107.19,110.6 2 0
vignere/main.go:111.5,111.36 1 0
vignere/main.go:111.36,114.6 2 0
vignere/main.go:115.5,121.19 5 0
vignere/main.go:121.19,124.6 2 0
vignere/main.go:125.5,126.19 2 0
vignere/main.go:126.19,129.6 2 0
vignere/main.go:130.5,130.36 1 0
vignere/main.go:130.36,133.6 2 0
vignere/main.go:134.5,140.19 5 0
vignere/main.go:140.19,143.6 2 0
vignere/main.go:144.5,145.19 2 0
vignere/main.go:145.19,148.6 2 0
vignere/main.go:149.5,149.36 1 0
vignere/main.go:149.36,152.6 2 0
vignere/main.go:153.5,160.81 5 0
vignere/main.go:160.81,163.6 2 0
vignere/main.go:164.5,170.62 5 0
vignere/main.go:170.62,173.6 2 0
vignere/main.go:174.5,181.62 5 0
vignere/main.go:181.62,184.6 2 0
vignere/main.go:185.5,191.81 5 0
vignere/main.go:191.81,194.6 2 0
vignere/main.go:195.5,197.41 2 0
playfair/main.go:7.14,11.36 4 0
playfair/main.go:11.36,13.4 1 0
playfair/utils.go:12.47,14.36 1 0
playfair/utils.go:14.36,16.3 1 0
playfair/utils.go:18.2,22.25 3 0
playfair/utils.go:22.25,24.3 1 0
playfair/utils.go:26.2,29.21 3 0
playfair/utils.go:32.56,35.25 3 0
playfair/utils.go:35.25,37.28 2 0
playfair/utils.go:37.28,40.10 2 0
playfair/utils.go:42.5,42.25 1 0
playfair/utils.go:45.45,46.31 1 0
playfair/utils.go:46.31,47.55 1 0
playfair/utils.go:47.55,49.4 1 0
playfair/utils.go:51.2,51.15 1 0
playfair/utils.go:54.40,57.28 3 0
playfair/utils.go:57.28,58.32 1 0
playfair/utils.go:58.32,60.29 1 0
playfair/utils.go:60.29,63.14 2 0
playfair/utils.go:63.19,64.22 1 0
playfair/utils.go:70.35,72.30 2 0
playfair/utils.go:72.30,73.42 1 0
playfair/utils.go:73.42,76.4 2 0
playfair/utils.go:76.9,78.4 1 0
playfair/utils.go:80.2,80.15 1 0
playfair/utils.go:83.53,91.25 3 0
playfair/utils.go:91.25,93.3 1 0
playfair/utils.go:96.2,99.39 2 0
playfair/utils.go:99.39,101.33 1 0
playfair/utils.go:101.33,105.4 3 0
playfair/utils.go:105.9,107.4 1 0
playfair/utils.go:110.2,110.17 1 0
multiplication-hash/main.go:5.13,7.2 1 0
caesar/main.go:19.86,21.16 1 0
caesar/main.go:21.16,23.4 1 0
caesar/main.go:25.3,25.56 1 0
caesar/main.go:25.56,27.4 1 0
caesar/main.go:29.3,29.47 1 0
caesar/main.go:29.47,31.4 1 0
caesar/main.go:34.3,36.26 2 0
caesar/main.go:36.26,37.19 1 0
caesar/main.go:37.19,39.15 2 0
caesar/main.go:54.5,54.32 1 0
caesar/main.go:54.32,56.6 1 0
caesar/main.go:56.11,58.6 1 0
caesar/main.go:60.5,60.58 1 0
caesar/main.go:63.3,63.28 1 0
caesar/main.go:66.86,69.26 2 0
caesar/main.go:69.26,70.19 1 0
caesar/main.go:70.19,72.15 2 0
caesar/main.go:75.5,75.32 1 0
caesar/main.go:75.32,77.6 1 0
caesar/main.go:77.11,79.6 1 0
caesar/main.go:81.5,81.58 1 0
caesar/main.go:85.3,85.28 1 0
caesar/main.go:88.14,94.23 5 0
caesar/main.go:94.23,97.10 2 0
caesar/main.go:99.9,102.23 3 0
caesar/main.go:102.23,105.10 2 0
caesar/main.go:107.9,107.54 1 0
vignere/main.go:12.61,14.21 2 0
vignere/main.go:14.21,16.4 1 0
vignere/main.go:18.3,18.32 1 0
vignere/main.go:18.32,20.4 1 0
vignere/main.go:22.3,22.60 1 0
vignere/main.go:26.30,27.53 1 0
vignere/main.go:27.53,29.4 1 0
vignere/main.go:32.39,34.2 1 0
vignere/main.go:36.56,38.56 1 0
vignere/main.go:38.56,40.4 1 0
vignere/main.go:42.3,42.41 1 0
vignere/main.go:42.41,44.4 1 0
vignere/main.go:47.3,49.26 2 0
vignere/main.go:49.26,52.4 1 0
vignere/main.go:54.3,54.28 1 0
vignere/main.go:57.62,58.62 1 0
vignere/main.go:58.62,60.4 1 0
vignere/main.go:62.3,62.47 1 0
vignere/main.go:62.47,64.4 1 0
vignere/main.go:66.3,68.32 2 0
vignere/main.go:68.32,72.4 1 0
vignere/main.go:74.3,74.28 1 0
vignere/main.go:78.14,83.19 4 0
vignere/main.go:83.19,86.6 2 0
vignere/main.go:87.5,88.19 2 0
vignere/main.go:88.19,91.6 2 0
vignere/main.go:92.5,92.36 1 0
vignere/main.go:92.36,95.6 2 0
vignere/main.go:96.5,102.19 5 0
vignere/main.go:102.19,105.6 2 0
vignere/main.go:106.5,107.19 2 0
vignere/main.go:107.19,110.6 2 0
vignere/main.go:111.5,111.36 1 0
vignere/main.go:111.36,114.6 2 0
vignere/main.go:115.5,121.19 5 0
vignere/main.go:121.19,124.6 2 0
vignere/main.go:125.5,126.19 2 0
vignere/main.go:126.19,129.6 2 0
vignere/main.go:130.5,130.36 1 0
vignere/main.go:130.36,133.6 2 0
vignere/main.go:134.5,140.19 5 0
vignere/main.go:140.19,143.6 2 0
vignere/main.go:144.5,145.19 2 0
vignere/main.go:145.19,148.6 2 0
vignere/main.go:149.5,149.36 1 0
vignere/main.go:149.36,152.6 2 0
vignere/main.go:153.5,160.81 5 0
vignere/main.go:160.81,163.6 2 0
vignere/main.go:164.5,170.62 5 0
vignere/main.go:170.62,173.6 2 0
vignere/main.go:174.5,181.62 5 0
vignere/main.go:181.62,184.6 2 0
vignere/main.go:185.5,191.81 5 0
vignere/main.go:191.81,194.6 2 0
vignere/main.go:195.5,197.41 2 0
playfair/main.go:7.14,11.36 4 0
playfair/main.go:11.36,13.4 1 0
playfair/utils.go:12.47,14.36 1 0
playfair/utils.go:14.36,16.3 1 0
playfair/utils.go:18.2,22.25 3 0
playfair/utils.go:22.25,24.3 1 0
playfair/utils.go:26.2,29.21 3 0
playfair/utils.go:32.56,35.25 3 0
playfair/utils.go:35.25,37.28 2 0
playfair/utils.go:37.28,40.10 2 0
playfair/utils.go:42.5,42.25 1 0
playfair/utils.go:45.45,46.31 1 0
playfair/utils.go:46.31,47.55 1 0
playfair/utils.go:47.55,49.4 1 0
playfair/utils.go:51.2,51.15 1 0
playfair/utils.go:54.40,57.28 3 0
playfair/utils.go:57.28,58.32 1 0
playfair/utils.go:58.32,60.29 1 0
playfair/utils.go:60.29,63.14 2 0
playfair/utils.go:63.19,64.22 1 0
playfair/utils.go:70.35,72.30 2 0
playfair/utils.go:72.30,73.42 1 0
playfair/utils.go:73.42,76.4 2 0
playfair/utils.go:76.9,78.4 1 0
playfair/utils.go:80.2,80.15 1 0
playfair/utils.go:83.53,91.25 3 0
playfair/utils.go:91.25,93.3 1 0
playfair/utils.go:96.2,99.39 2 0
playfair/utils.go:99.39,101.33 1 0
playfair/utils.go:101.33,105.4 3 0
playfair/utils.go:105.9,107.4 1 0
playfair/utils.go:110.2,110.17 1 0
multiplication-hash/main.go:5.13,7.2 1 0
