mode: atomic
playfair/main.go:7.14,11.36 4 0
playfair/main.go:11.36,13.4 1 0
playfair/utils.go:12.47,14.36 1 0
playfair/utils.go:14.36,16.3 1 0
playfair/utils.go:18.2,22.25 3 0
playfair/utils.go:22.25,24.3 1 0
playfair/utils.go:26.2,29.21 3 0
playfair/utils.go:32.56,35.25 3 0
playfair/utils.go:35.25,37.28 2 0
playfair/utils.go:37.28,40.10 2 0
playfair/utils.go:42.5,42.25 1 0
playfair/utils.go:45.45,46.31 1 0
playfair/utils.go:46.31,47.55 1 0
playfair/utils.go:47.55,49.4 1 0
playfair/utils.go:51.2,51.15 1 0
playfair/utils.go:54.40,57.28 3 0
playfair/utils.go:57.28,58.32 1 0
playfair/utils.go:58.32,60.29 1 0
playfair/utils.go:60.29,63.14 2 0
playfair/utils.go:63.19,64.22 1 0
playfair/utils.go:70.35,72.30 2 0
playfair/utils.go:72.30,73.42 1 0
playfair/utils.go:73.42,76.4 2 0
playfair/utils.go:76.9,78.4 1 0
playfair/utils.go:80.2,80.15 1 0
playfair/utils.go:83.53,91.25 3 0
playfair/utils.go:91.25,93.3 1 0
playfair/utils.go:96.2,99.39 2 0
playfair/utils.go:99.39,101.33 1 0
playfair/utils.go:101.33,105.4 3 0
playfair/utils.go:105.9,107.4 1 0
playfair/utils.go:110.2,110.17 1 0
