mode: atomic
caesar/main.go:19.86,21.16 1 0
caesar/main.go:21.16,23.4 1 0
caesar/main.go:25.3,25.56 1 0
caesar/main.go:25.56,27.4 1 0
caesar/main.go:29.3,29.47 1 0
caesar/main.go:29.47,31.4 1 0
caesar/main.go:34.3,36.26 2 0
caesar/main.go:36.26,37.19 1 0
caesar/main.go:37.19,39.15 2 0
caesar/main.go:54.5,54.32 1 0
caesar/main.go:54.32,56.6 1 0
caesar/main.go:56.11,58.6 1 0
caesar/main.go:60.5,60.58 1 0
caesar/main.go:63.3,63.28 1 0
caesar/main.go:66.86,69.26 2 0
caesar/main.go:69.26,70.19 1 0
caesar/main.go:70.19,72.15 2 0
caesar/main.go:75.5,75.32 1 0
caesar/main.go:75.32,77.6 1 0
caesar/main.go:77.11,79.6 1 0
caesar/main.go:81.5,81.58 1 0
caesar/main.go:85.3,85.28 1 0
caesar/main.go:88.14,94.23 5 0
caesar/main.go:94.23,97.10 2 0
caesar/main.go:99.9,102.23 3 0
caesar/main.go:102.23,105.10 2 0
caesar/main.go:107.9,107.54 1 0
